<?xml version="1.0" encoding="UTF-8"?>
<!-- Generated by org.testng.reporters.JUnitXMLReporter -->
<testsuite ignored="1" hostname="LPCAIQ1326" failures="0" tests="6" name="Car Loan" time="0.253" errors="0" timestamp="2026-02-05T18:48:38 EET">
  <testcase classname="test.day3" name="MobileLogincarLoan" time="0.016"/>
  <testcase classname="test.day3" name="weblogincarLoan" time="0.009"/>
  <testcase classname="test.day3" name="MobileSignoutcarLoan" time="0.008"/>
  <testcase classname="test.day3" name="MobileSignoutcarLoan" time="0.008"/>
  <testcase classname="test.day3" name="MobileSignoutcarLoan" time="0.017"/>
  <testcase classname="test.day3" name="LoginAPIcarLoan" time="0.004"/>
  <testcase classname="test.day3" name="MobileSignincarLoan" time="0.0">
    <ignored/>
  </testcase> <!-- MobileSignincarLoan -->
</testsuite> <!-- Car Loan -->
