<?xml version="1.0" encoding="UTF-8"?>
<!-- Generated by org.testng.reporters.JUnitXMLReporter -->
<testsuite ignored="1" hostname="LPCAIQ1326" failures="0" tests="5" name="Personal Loan" time="0.147" errors="0" timestamp="2026-02-05T18:48:38 EET">
  <testcase classname="test.day1" name="Demo" time="0.02"/>
  <testcase classname="test.day2" name="ploan" time="0.002"/>
  <testcase classname="test.day4" name="LoginAPIcarLoan" time="0.003"/>
  <testcase classname="test.day4" name="MobileLogincarLoan" time="0.003"/>
  <testcase classname="test.day4" name="weblogincarLoan" time="0.005"/>
  <testcase classname="test.day1" name="SecondTest" time="0.0">
    <ignored/>
  </testcase> <!-- SecondTest -->
</testsuite> <!-- Personal Loan -->
