<?xml version="1.0" encoding="UTF-8"?>
<!-- Generated by org.testng.reporters.JUnitXMLReporter -->
<testsuite ignored="8" hostname="LPCAIQ1326" failures="0" tests="3" name="Regression" time="0.054" errors="0" timestamp="2026-01-28T10:42:56 EET">
  <testcase classname="test.day2" name="ploan" time="0.009"/>
  <testcase classname="test.day3" name="MobileLogincarLoan" time="0.002"/>
  <testcase classname="test.day4" name="MobileLogincarLoan" time="0.001"/>
  <testcase classname="test.day1" name="Demo" time="0.0">
    <ignored/>
  </testcase> <!-- Demo -->
  <testcase classname="test.day3" name="weblogincarLoan" time="0.0">
    <ignored/>
  </testcase> <!-- weblogincarLoan -->
  <testcase classname="test.day4" name="LoginAPIcarLoan" time="0.0">
    <ignored/>
  </testcase> <!-- LoginAPIcarLoan -->
  <testcase classname="test.day3" name="LoginAPIcarLoan" time="0.0">
    <ignored/>
  </testcase> <!-- LoginAPIcarLoan -->
  <testcase classname="test.day1" name="SecondTest" time="0.0">
    <ignored/>
  </testcase> <!-- SecondTest -->
  <testcase classname="test.day3" name="MobileSignincarLoan" time="0.0">
    <ignored/>
  </testcase> <!-- MobileSignincarLoan -->
  <testcase classname="test.day3" name="MobileSignoutcarLoan" time="0.0">
    <ignored/>
  </testcase> <!-- MobileSignoutcarLoan -->
  <testcase classname="test.day4" name="weblogincarLoan" time="0.0">
    <ignored/>
  </testcase> <!-- weblogincarLoan -->
</testsuite> <!-- Regression -->
