<?xml version="1.0" encoding="UTF-8"?>
<testng-results ignored="0" total="2" passed="2" failed="0" skipped="0">
  <reporter-output>
  </reporter-output>
  <suite started-at="2026-02-10T11:58:18 EET" name="Default suite" finished-at="2026-02-10T11:58:18 EET" duration-ms="74">
    <groups>
    </groups>
    <test started-at="2026-02-10T11:58:18 EET" name="Default test" finished-at="2026-02-10T11:58:18 EET" duration-ms="74">
      <class name="test.day1">
        <test-method signature="Demo()[pri:0, instance:test.day1@a9cd3b1]" started-at="2026-02-10T11:58:18 EET" name="Demo" finished-at="2026-02-10T11:58:18 EET" duration-ms="12" status="PASS">
          <reporter-output>
          </reporter-output>
        </test-method> <!-- Demo -->
        <test-method signature="SecondTest()[pri:0, instance:test.day1@a9cd3b1]" started-at="2026-02-10T11:58:18 EET" name="SecondTest" finished-at="2026-02-10T11:58:18 EET" duration-ms="2" status="PASS">
          <reporter-output>
          </reporter-output>
        </test-method> <!-- SecondTest -->
        <test-method is-config="true" signature="lastExecution()[pri:0, instance:test.day1@a9cd3b1]" started-at="2026-02-10T11:58:18 EET" name="lastExecution" finished-at="2026-02-10T11:58:18 EET" duration-ms="6" status="PASS">
          <reporter-output>
          </reporter-output>
        </test-method> <!-- lastExecution -->
        <test-method is-config="true" signature="afsuite()[pri:0, instance:test.day1@a9cd3b1]" started-at="2026-02-10T11:58:18 EET" name="afsuite" finished-at="2026-02-10T11:58:18 EET" duration-ms="1" status="PASS">
          <reporter-output>
          </reporter-output>
        </test-method> <!-- afsuite -->
      </class> <!-- test.day1 -->
    </test> <!-- Default test -->
  </suite> <!-- Default suite -->
</testng-results>
