<?xml version="1.0" encoding="UTF-8"?>
<testng-results ignored="2" total="13" passed="11" failed="0" skipped="0">
  <reporter-output>
  </reporter-output>
  <suite started-at="2026-02-05T18:48:38 EET" name="Loan Department" finished-at="2026-02-05T18:48:38 EET" duration-ms="253">
    <groups>
      <group name="Smoke">
        <method signature="day2.ploan()[pri:0, instance:test.day2@1817d444]" name="ploan" class="test.day2"/>
        <method signature="day4.MobileLogincarLoan()[pri:0, instance:test.day4@6ca8564a]" name="MobileLogincarLoan" class="test.day4"/>
        <method signature="day3.MobileLogincarLoan()[pri:0, instance:test.day3@5876a9af]" name="MobileLogincarLoan" class="test.day3"/>
      </group> <!-- Smoke -->
    </groups>
    <test started-at="2026-02-05T18:48:38 EET" name="Personal Loan" finished-at="2026-02-05T18:48:38 EET" duration-ms="147">
      <class name="test.day4">
        <test-method signature="LoginAPIcarLoan()[pri:0, instance:test.day4@6ca8564a]" started-at="2026-02-05T18:48:38 EET" name="LoginAPIcarLoan" finished-at="2026-02-05T18:48:38 EET" duration-ms="3" status="PASS">
          <reporter-output>
          </reporter-output>
        </test-method> <!-- LoginAPIcarLoan -->
        <test-method signature="MobileLogincarLoan()[pri:0, instance:test.day4@6ca8564a]" started-at="2026-02-05T18:48:38 EET" name="MobileLogincarLoan" finished-at="2026-02-05T18:48:38 EET" duration-ms="3" status="PASS">
          <reporter-output>
          </reporter-output>
        </test-method> <!-- MobileLogincarLoan -->
        <test-method signature="weblogincarLoan(java.lang.String)[pri:0, instance:test.day4@6ca8564a]" started-at="2026-02-05T18:48:38 EET" name="weblogincarLoan" finished-at="2026-02-05T18:48:38 EET" duration-ms="5" status="PASS">
          <params>
            <param index="0">
              <value>
                <![CDATA[Personalloan.com]]>
              </value>
            </param>
          </params>
          <reporter-output>
          </reporter-output>
        </test-method> <!-- weblogincarLoan -->
      </class> <!-- test.day4 -->
      <class name="test.day2">
        <test-method is-config="true" signature="prerequister()[pri:0, instance:test.day2@1817d444]" started-at="2026-02-05T18:48:38 EET" name="prerequister" finished-at="2026-02-05T18:48:38 EET" duration-ms="2" status="PASS">
          <reporter-output>
          </reporter-output>
        </test-method> <!-- prerequister -->
        <test-method signature="ploan()[pri:0, instance:test.day2@1817d444]" started-at="2026-02-05T18:48:38 EET" name="ploan" finished-at="2026-02-05T18:48:38 EET" duration-ms="2" status="PASS">
          <reporter-output>
          </reporter-output>
        </test-method> <!-- ploan -->
      </class> <!-- test.day2 -->
      <class name="test.day1">
        <test-method signature="Demo()[pri:0, instance:test.day1@7a69b07]" started-at="2026-02-05T18:48:38 EET" name="Demo" finished-at="2026-02-05T18:48:38 EET" duration-ms="20" status="PASS">
          <reporter-output>
          </reporter-output>
        </test-method> <!-- Demo -->
        <test-method is-config="true" signature="lastExecution()[pri:0, instance:test.day1@7a69b07]" started-at="2026-02-05T18:48:38 EET" name="lastExecution" finished-at="2026-02-05T18:48:38 EET" duration-ms="1" status="PASS">
          <reporter-output>
          </reporter-output>
        </test-method> <!-- lastExecution -->
      </class> <!-- test.day1 -->
    </test> <!-- Personal Loan -->
    <test started-at="2026-02-05T18:48:38 EET" name="Car Loan" finished-at="2026-02-05T18:48:38 EET" duration-ms="253">
      <class name="test.day3">
        <test-method is-config="true" signature="BfSuite()[pri:0, instance:test.day3@5876a9af]" started-at="2026-02-05T18:48:38 EET" name="BfSuite" finished-at="2026-02-05T18:48:38 EET" duration-ms="21" status="PASS">
          <reporter-output>
          </reporter-output>
        </test-method> <!-- BfSuite -->
        <test-method is-config="true" signature="beforeclass2()[pri:0, instance:test.day3@5876a9af]" started-at="2026-02-05T18:48:38 EET" name="beforeclass2" finished-at="2026-02-05T18:48:38 EET" duration-ms="2" status="PASS">
          <reporter-output>
          </reporter-output>
        </test-method> <!-- beforeclass2 -->
        <test-method is-config="true" signature="beforeevery()[pri:0, instance:test.day3@5876a9af]" started-at="2026-02-05T18:48:38 EET" name="beforeevery" finished-at="2026-02-05T18:48:38 EET" duration-ms="1" status="PASS">
          <reporter-output>
          </reporter-output>
        </test-method> <!-- beforeevery -->
        <test-method signature="MobileLogincarLoan()[pri:0, instance:test.day3@5876a9af]" started-at="2026-02-05T18:48:38 EET" name="MobileLogincarLoan" finished-at="2026-02-05T18:48:38 EET" duration-ms="16" status="PASS">
          <reporter-output>
          </reporter-output>
        </test-method> <!-- MobileLogincarLoan -->
        <test-method is-config="true" signature="afterevery()[pri:0, instance:test.day3@5876a9af]" started-at="2026-02-05T18:48:38 EET" name="afterevery" finished-at="2026-02-05T18:48:38 EET" duration-ms="1" status="PASS">
          <reporter-output>
          </reporter-output>
        </test-method> <!-- afterevery -->
        <test-method is-config="true" signature="beforeevery()[pri:0, instance:test.day3@5876a9af]" started-at="2026-02-05T18:48:38 EET" name="beforeevery" finished-at="2026-02-05T18:48:38 EET" duration-ms="1" status="PASS">
          <reporter-output>
          </reporter-output>
        </test-method> <!-- beforeevery -->
        <test-method signature="weblogincarLoan(java.lang.String,java.lang.String)[pri:0, instance:test.day3@5876a9af]" started-at="2026-02-05T18:48:38 EET" name="weblogincarLoan" finished-at="2026-02-05T18:48:38 EET" duration-ms="9" status="PASS">
          <params>
            <param index="0">
              <value>
                <![CDATA[carloan.com]]>
              </value>
            </param>
            <param index="1">
              <value>
                <![CDATA[123456]]>
              </value>
            </param>
          </params>
          <reporter-output>
          </reporter-output>
        </test-method> <!-- weblogincarLoan -->
        <test-method is-config="true" signature="afterevery()[pri:0, instance:test.day3@5876a9af]" started-at="2026-02-05T18:48:38 EET" name="afterevery" finished-at="2026-02-05T18:48:38 EET" duration-ms="1" status="PASS">
          <reporter-output>
          </reporter-output>
        </test-method> <!-- afterevery -->
        <test-method is-config="true" signature="beforeevery()[pri:0, instance:test.day3@5876a9af]" started-at="2026-02-05T18:48:38 EET" name="beforeevery" finished-at="2026-02-05T18:48:38 EET" duration-ms="1" status="PASS">
          <reporter-output>
          </reporter-output>
        </test-method> <!-- beforeevery -->
        <test-method signature="MobileSignoutcarLoan(java.lang.String,java.lang.String)[pri:0, instance:test.day3@5876a9af]" started-at="2026-02-05T18:48:38 EET" name="MobileSignoutcarLoan" data-provider="getData" finished-at="2026-02-05T18:48:38 EET" duration-ms="8" status="PASS">
          <params>
            <param index="0">
              <value>
                <![CDATA[firstsetusername]]>
              </value>
            </param>
            <param index="1">
              <value>
                <![CDATA[firstsetpassword]]>
              </value>
            </param>
          </params>
          <reporter-output>
          </reporter-output>
        </test-method> <!-- MobileSignoutcarLoan -->
        <test-method is-config="true" signature="afterevery()[pri:0, instance:test.day3@5876a9af]" started-at="2026-02-05T18:48:38 EET" name="afterevery" finished-at="2026-02-05T18:48:38 EET" duration-ms="1" status="PASS">
          <reporter-output>
          </reporter-output>
        </test-method> <!-- afterevery -->
        <test-method is-config="true" signature="beforeevery()[pri:0, instance:test.day3@5876a9af]" started-at="2026-02-05T18:48:38 EET" name="beforeevery" finished-at="2026-02-05T18:48:38 EET" duration-ms="1" status="PASS">
          <reporter-output>
          </reporter-output>
        </test-method> <!-- beforeevery -->
        <test-method signature="MobileSignoutcarLoan(java.lang.String,java.lang.String)[pri:0, instance:test.day3@5876a9af]" started-at="2026-02-05T18:48:38 EET" name="MobileSignoutcarLoan" data-provider="getData" finished-at="2026-02-05T18:48:38 EET" duration-ms="8" status="PASS">
          <params>
            <param index="0">
              <value>
                <![CDATA[secondsetusername]]>
              </value>
            </param>
            <param index="1">
              <value>
                <![CDATA[secondsetpassword]]>
              </value>
            </param>
          </params>
          <reporter-output>
          </reporter-output>
        </test-method> <!-- MobileSignoutcarLoan -->
        <test-method is-config="true" signature="afterevery()[pri:0, instance:test.day3@5876a9af]" started-at="2026-02-05T18:48:38 EET" name="afterevery" finished-at="2026-02-05T18:48:38 EET" duration-ms="5" status="PASS">
          <reporter-output>
          </reporter-output>
        </test-method> <!-- afterevery -->
        <test-method is-config="true" signature="beforeevery()[pri:0, instance:test.day3@5876a9af]" started-at="2026-02-05T18:48:38 EET" name="beforeevery" finished-at="2026-02-05T18:48:38 EET" duration-ms="20" status="PASS">
          <reporter-output>
          </reporter-output>
        </test-method> <!-- beforeevery -->
        <test-method signature="MobileSignoutcarLoan(java.lang.String,java.lang.String)[pri:0, instance:test.day3@5876a9af]" started-at="2026-02-05T18:48:38 EET" name="MobileSignoutcarLoan" data-provider="getData" finished-at="2026-02-05T18:48:38 EET" duration-ms="17" status="PASS">
          <params>
            <param index="0">
              <value>
                <![CDATA[thirdsetusername]]>
              </value>
            </param>
            <param index="1">
              <value>
                <![CDATA[thirdsetpassword]]>
              </value>
            </param>
          </params>
          <reporter-output>
          </reporter-output>
        </test-method> <!-- MobileSignoutcarLoan -->
        <test-method is-config="true" signature="afterevery()[pri:0, instance:test.day3@5876a9af]" started-at="2026-02-05T18:48:38 EET" name="afterevery" finished-at="2026-02-05T18:48:38 EET" duration-ms="1" status="PASS">
          <reporter-output>
          </reporter-output>
        </test-method> <!-- afterevery -->
        <test-method is-config="true" signature="beforeevery()[pri:0, instance:test.day3@5876a9af]" started-at="2026-02-05T18:48:38 EET" name="beforeevery" finished-at="2026-02-05T18:48:38 EET" duration-ms="1" status="PASS">
          <reporter-output>
          </reporter-output>
        </test-method> <!-- beforeevery -->
        <test-method signature="LoginAPIcarLoan()[pri:0, instance:test.day3@5876a9af]" started-at="2026-02-05T18:48:38 EET" name="LoginAPIcarLoan" finished-at="2026-02-05T18:48:38 EET" depends-on-methods="test.day3.weblogincarLoan, test.day3.MobileLogincarLoan" duration-ms="4" status="PASS">
          <reporter-output>
          </reporter-output>
        </test-method> <!-- LoginAPIcarLoan -->
        <test-method is-config="true" signature="afterevery()[pri:0, instance:test.day3@5876a9af]" started-at="2026-02-05T18:48:38 EET" name="afterevery" finished-at="2026-02-05T18:48:38 EET" duration-ms="1" status="PASS">
          <reporter-output>
          </reporter-output>
        </test-method> <!-- afterevery -->
        <test-method is-config="true" signature="afterclass()[pri:0, instance:test.day3@5876a9af]" started-at="2026-02-05T18:48:38 EET" name="afterclass" finished-at="2026-02-05T18:48:38 EET" duration-ms="2" status="PASS">
          <reporter-output>
          </reporter-output>
        </test-method> <!-- afterclass -->
      </class> <!-- test.day3 -->
      <class name="test.day1">
        <test-method is-config="true" signature="afsuite()[pri:0, instance:test.day1@7a69b07]" started-at="2026-02-05T18:48:38 EET" name="afsuite" finished-at="2026-02-05T18:48:38 EET" duration-ms="1" status="PASS">
          <reporter-output>
          </reporter-output>
        </test-method> <!-- afsuite -->
      </class> <!-- test.day1 -->
    </test> <!-- Car Loan -->
  </suite> <!-- Loan Department -->
</testng-results>
