<?xml version="1.0" encoding="UTF-8"?>
<!-- Generated by org.testng.reporters.JUnitReportReporter -->
<testsuite hostname="LPCAIQ1326" failures="0" tests="7" name="test.day3" time="0.097" errors="0" timestamp="2026-02-05T18:48:39 EET" skipped="1">
  <testcase classname="test.day3" name="MobileSignoutcarLoan" time="0.010"/>
  <testcase classname="test.day3" name="LoginAPIcarLoan" time="0.006"/>
  <testcase classname="test.day3" name="MobileSignoutcarLoan" time="0.010"/>
  <testcase classname="test.day3" name="MobileLogincarLoan" time="0.037"/>
  <testcase classname="test.day3" name="weblogincarLoan" time="0.015"/>
  <testcase classname="test.day3" name="MobileSignoutcarLoan" time="0.019"/>
  <testcase classname="test.day3" name="MobileSignincarLoan">
    <skipped/>
  </testcase> <!-- MobileSignincarLoan -->
</testsuite> <!-- test.day3 -->
